#
# There is insufficient memory for the Java Runtime Environment to continue.
# Native memory allocation (mmap) failed to map 8388608 bytes. Error detail: G1 virtual space
# Possible reasons:
#   The system is out of physical RAM or swap space
#   This process is running with CompressedOops enabled, and the Java Heap may be blocking the growth of the native heap
# Possible solutions:
#   Reduce memory load on the system
#   Increase physical memory or swap space
#   Check if swap backing store is full
#   Decrease Java heap size (-Xmx/-Xms)
#   Decrease number of Java threads
#   Decrease Java thread stack sizes (-Xss)
#   Set larger code cache with -XX:ReservedCodeCacheSize=
#   JVM is running with Zero Based Compressed Oops mode in which the Java heap is
#     placed in the first 32GB address space. The Java Heap base address is the
#     maximum limit for the native heap growth. Please use -XX:HeapBaseMinAddress
#     to set the Java Heap base and to place the Java Heap above 32GB virtual address.
# This output file may be truncated or incomplete.
#
#  Out of Memory Error (os_windows.cpp:3631), pid=26320, tid=26204
#
# JRE version:  (22.0+36) (build )
# Java VM: Java HotSpot(TM) 64-Bit Server VM (22+36-2370, mixed mode, sharing, tiered, compressed oops, compressed class ptrs, g1 gc, windows-amd64)
# No core dump will be written. Minidumps are not enabled by default on client versions of Windows
#

---------------  S U M M A R Y ------------

Command Line: -Dapplication.home=C:\Program Files\Java\jdk-22 --add-modules=ALL-DEFAULT -Xms8m -Djdk.module.main=jdk.jlink jdk.jlink/jdk.tools.jlink.internal.Main --version

Host: Intel(R) Core(TM) i7-10750H CPU @ 2.60GHz, 12 cores, 15G,  Windows 11 , 64 bit Build 22621 (10.0.22621.4391)
Time: Tue Dec 10 10:31:26 2024 SE Asia Standard Time elapsed time: 0.047165 seconds (0d 0h 0m 0s)

---------------  T H R E A D  ---------------

Current thread (0x00000216265ac7c0):  JavaThread "Unknown thread" [_thread_in_vm, id=26204, stack(0x000000d71d300000,0x000000d71d400000) (1024K)]

Stack: [0x000000d71d300000,0x000000d71d400000]
Native frames: (J=compiled Java code, j=interpreted, Vv=VM code, C=native code)
V  [jvm.dll+0x6e2349]  (no source info available)
V  [jvm.dll+0x874ed3]  (no source info available)
V  [jvm.dll+0x8772fe]  (no source info available)
V  [jvm.dll+0x8779d3]  (no source info available)
V  [jvm.dll+0x27fcb6]  (no source info available)
V  [jvm.dll+0x6de9e5]  (no source info available)
V  [jvm.dll+0x6d34ea]  (no source info available)
V  [jvm.dll+0x35892a]  (no source info available)
V  [jvm.dll+0x360e56]  (no source info available)
V  [jvm.dll+0x3b3d7e]  (no source info available)
V  [jvm.dll+0x3b4028]  (no source info available)
V  [jvm.dll+0x32c4ec]  (no source info available)
V  [jvm.dll+0x32d0a8]  (no source info available)
V  [jvm.dll+0x83cd9c]  (no source info available)
V  [jvm.dll+0x3c0cc1]  (no source info available)
V  [jvm.dll+0x825d8c]  (no source info available)
V  [jvm.dll+0x45b9ee]  (no source info available)
V  [jvm.dll+0x45d871]  (no source info available)
C  [jli.dll+0x52a3]  (no source info available)
C  [ucrtbase.dll+0x29333]  (no source info available)
C  [KERNEL32.DLL+0x1259d]  (no source info available)
C  [ntdll.dll+0x5af38]  (no source info available)


---------------  P R O C E S S  ---------------

Threads class SMR info:
_java_thread_list=0x00007ffa70d3c1c8, length=0, elements={
}

Java Threads: ( => current thread )
Total: 0

Other Threads:
  0x0000021628845a10 WorkerThread "GC Thread#0"                     [id=19652, stack(0x000000d71d400000,0x000000d71d500000) (1024K)]
  0x0000021628856770 ConcurrentGCThread "G1 Main Marker"            [id=39076, stack(0x000000d71d500000,0x000000d71d600000) (1024K)]
  0x0000021628857920 WorkerThread "G1 Conc#0"                       [id=39348, stack(0x000000d71d600000,0x000000d71d700000) (1024K)]

[error occurred during error reporting (printing all threads), id 0xc0000005, EXCEPTION_ACCESS_VIOLATION (0xc0000005) at pc=0x00007ffa7048f2b7]
VM state: not at safepoint (not fully initialized)

VM Mutex/Monitor currently owned by a thread:  ([mutex/lock_event])
[0x00007ffa70dbccc8] Heap_lock - owner thread: 0x00000216265ac7c0

Heap address: 0x0000000703400000, size: 4044 MB, Compressed Oops mode: Zero based, Oop shift amount: 3

CDS archive(s) mapped at: [0x0000000000000000-0x0000000000000000-0x0000000000000000), size 0, SharedBaseAddress: 0x0000000800000000, ArchiveRelocationMode: 1.
Narrow klass base: 0x0000000000000000, Narrow klass shift: 0, Narrow klass range: 0x0

GC Precious Log:
 CardTable entry size: 512
 Card Set container configuration: InlinePtr #cards 4 size 8 Array Of Cards #cards 16 size 48 Howl #buckets 8 coarsen threshold 3686 Howl Bitmap #cards 512 size 80 coarsen threshold 460 Card regions per heap region 1 cards per card region 4096

Heap:
 garbage-first heap   total reserved 4141056K, committed 0K, used 0K [0x0000000703400000, 0x0000000800000000)
  region size 2048K, 0 young (0K), 0 survivors (0K)

[error occurred during error reporting (printing heap information), id 0xc0000005, EXCEPTION_ACCESS_VIOLATION (0xc0000005) at pc=0x00007ffa7088e4e9]
GC Heap History (0 events):
No events

Dll operation events (1 events):
Event: 0.040 Loaded shared library C:\Program Files\Java\jdk-22\bin\java.dll

Deoptimization events (0 events):
No events

Classes loaded (0 events):
No events

Classes unloaded (0 events):
No events

Classes redefined (0 events):
No events

Internal exceptions (0 events):
No events

ZGC Phase Switch (0 events):
No events

VM Operations (0 events):
No events

Events (0 events):
No events


Dynamic libraries:
0x00007ff61bcf0000 - 0x00007ff61bcf8000 	C:\Program Files\Java\jdk-22\bin\jlink.exe
0x00007ffb75190000 - 0x00007ffb753a7000 	C:\WINDOWS\SYSTEM32\ntdll.dll
0x00007ffb73d60000 - 0x00007ffb73e24000 	C:\WINDOWS\System32\KERNEL32.DLL
0x00007ffb72820000 - 0x00007ffb72bda000 	C:\WINDOWS\System32\KERNELBASE.dll
0x00007ffb72d80000 - 0x00007ffb72e91000 	C:\WINDOWS\System32\ucrtbase.dll
0x00007ffb68550000 - 0x00007ffb68567000 	C:\Program Files\Java\jdk-22\bin\jli.dll
0x00007ffb74490000 - 0x00007ffb74542000 	C:\WINDOWS\System32\ADVAPI32.dll
0x00007ffb738f0000 - 0x00007ffb73997000 	C:\WINDOWS\System32\msvcrt.dll
0x00007ffb74f80000 - 0x00007ffb75027000 	C:\WINDOWS\System32\sechost.dll
0x00007ffb725c0000 - 0x00007ffb725e8000 	C:\WINDOWS\System32\bcrypt.dll
0x00007ffb75030000 - 0x00007ffb75144000 	C:\WINDOWS\System32\RPCRT4.dll
0x00007ffb73b70000 - 0x00007ffb73d1e000 	C:\WINDOWS\System32\USER32.dll
0x00007ffb72590000 - 0x00007ffb725b6000 	C:\WINDOWS\System32\win32u.dll
0x00007ffb73d20000 - 0x00007ffb73d49000 	C:\WINDOWS\System32\GDI32.dll
0x00007ffb72470000 - 0x00007ffb7258b000 	C:\WINDOWS\System32\gdi32full.dll
0x00007ffb547a0000 - 0x00007ffb54a32000 	C:\WINDOWS\WinSxS\amd64_microsoft.windows.common-controls_6595b64144ccf1df_6.0.22621.4541_none_2710d1c57384c085\COMCTL32.dll
0x00007ffb72c60000 - 0x00007ffb72cfa000 	C:\WINDOWS\System32\msvcp_win.dll
0x00007ffb69510000 - 0x00007ffb6951a000 	C:\WINDOWS\SYSTEM32\VERSION.dll
0x00007ffb59a40000 - 0x00007ffb59a5b000 	C:\Program Files\Java\jdk-22\bin\VCRUNTIME140.dll
0x00007ffb738b0000 - 0x00007ffb738e1000 	C:\WINDOWS\System32\IMM32.DLL
0x00007ffb69c10000 - 0x00007ffb69c1c000 	C:\Program Files\Java\jdk-22\bin\vcruntime140_1.dll
0x00007ffa889a0000 - 0x00007ffa88a2e000 	C:\Program Files\Java\jdk-22\bin\msvcp140.dll
0x00007ffa70150000 - 0x00007ffa70e98000 	C:\Program Files\Java\jdk-22\bin\server\jvm.dll
0x00007ffb73af0000 - 0x00007ffb73b61000 	C:\WINDOWS\System32\WS2_32.dll
0x00007ffb712c0000 - 0x00007ffb7130d000 	C:\WINDOWS\SYSTEM32\POWRPROF.dll
0x00007ffb5bb50000 - 0x00007ffb5bb84000 	C:\WINDOWS\SYSTEM32\WINMM.dll
0x00007ffb712a0000 - 0x00007ffb712b3000 	C:\WINDOWS\SYSTEM32\UMPDC.dll
0x00007ffb71570000 - 0x00007ffb71588000 	C:\WINDOWS\SYSTEM32\kernel.appcore.dll
0x00007ffb5cc60000 - 0x00007ffb5cc6a000 	C:\Program Files\Java\jdk-22\bin\jimage.dll
0x00007ffb6c6a0000 - 0x00007ffb6c8d2000 	C:\WINDOWS\SYSTEM32\DBGHELP.DLL
0x00007ffb733b0000 - 0x00007ffb7373f000 	C:\WINDOWS\System32\combase.dll
0x00007ffb740f0000 - 0x00007ffb741c7000 	C:\WINDOWS\System32\OLEAUT32.dll
0x00007ffb65510000 - 0x00007ffb65542000 	C:\WINDOWS\SYSTEM32\dbgcore.DLL
0x00007ffb72be0000 - 0x00007ffb72c5b000 	C:\WINDOWS\System32\bcryptPrimitives.dll
0x00007ffb2a740000 - 0x00007ffb2a75e000 	C:\Program Files\Java\jdk-22\bin\java.dll
0x00007ffb74700000 - 0x00007ffb74f78000 	C:\WINDOWS\System32\SHELL32.dll
0x00007ffb74550000 - 0x00007ffb746f5000 	C:\WINDOWS\System32\ole32.dll

dbghelp: loaded successfully - version: 4.0.5 - missing functions: none
symbol engine: initialized successfully - sym options: 0x614 - pdb path: .;C:\Program Files\Java\jdk-22\bin;C:\WINDOWS\SYSTEM32;C:\WINDOWS\WinSxS\amd64_microsoft.windows.common-controls_6595b64144ccf1df_6.0.22621.4541_none_2710d1c57384c085;C:\Program Files\Java\jdk-22\bin\server

VM Arguments:
jvm_args: -Dapplication.home=C:\Program Files\Java\jdk-22 --add-modules=ALL-DEFAULT -Xms8m -Djdk.module.main=jdk.jlink 
java_command: jdk.jlink/jdk.tools.jlink.internal.Main --version
java_class_path (initial): <not set>
Launcher Type: SUN_STANDARD

[Global flags]
     intx CICompilerCount                          = 4                                         {product} {ergonomic}
     uint ConcGCThreads                            = 3                                         {product} {ergonomic}
     uint G1ConcRefinementThreads                  = 10                                        {product} {ergonomic}
   size_t G1HeapRegionSize                         = 2097152                                   {product} {ergonomic}
   size_t InitialHeapSize                          = 8388608                                   {product} {command line}
   size_t MarkStackSize                            = 4194304                                   {product} {ergonomic}
   size_t MaxHeapSize                              = 4240441344                                {product} {ergonomic}
   size_t MinHeapDeltaBytes                        = 2097152                                   {product} {ergonomic}
   size_t MinHeapSize                              = 8388608                                   {product} {command line}
    uintx NonNMethodCodeHeapSize                   = 5839372                                {pd product} {ergonomic}
    uintx NonProfiledCodeHeapSize                  = 122909434                              {pd product} {ergonomic}
    uintx ProfiledCodeHeapSize                     = 122909434                              {pd product} {ergonomic}
    uintx ReservedCodeCacheSize                    = 251658240                              {pd product} {ergonomic}
     bool SegmentedCodeCache                       = true                                      {product} {ergonomic}
   size_t SoftMaxHeapSize                          = 4240441344                             {manageable} {ergonomic}
     bool UseCompressedOops                        = true                           {product lp64_product} {ergonomic}
     bool UseG1GC                                  = true                                      {product} {ergonomic}
     bool UseLargePagesIndividualAllocation        = false                                  {pd product} {ergonomic}

Logging:
Log output configuration:
 #0: stdout all=warning uptime,level,tags foldmultilines=false
 #1: stderr all=off uptime,level,tags foldmultilines=false

Environment Variables:
JAVA_HOME=C:\Program Files\Java\jdk-23
PATH=C:\Program Files\Java\jdk-23\bin;C:\Program Files\Common Files\Oracle\Java\javapath;C:\Users\ASUS\AppData\Local\Packages\PythonSoftwareFoundation.Python.3.11_qbz5n2kfra8p0\LocalCache\local-packages\Python311\Scripts;C:\Windows\system32;C:\Windows;C:\Windows\System32\Wbem;C:\Windows\System32\WindowsPowerShell\v1.0\;C:\Windows\System32\OpenSSH\;C:\Program Files (x86)\NVIDIA Corporation\PhysX\Common;C:\Program Files\NVIDIA Corporation\NVIDIA NvDLISR;C:\WINDOWS\system32;C:\WINDOWS;C:\WINDOWS\System32\Wbem;C:\laragon\bin\php\php-8.3.4-Win32-vs16-x64;C:\WINDOWS\System32\WindowsPowerShell\v1.0\;C:\WINDOWS\System32\OpenSSH\;C:\Program Files\dotnet\;C:\Users\ASUS\AppData\Local\Programs\Python\Python312\Scripts\;C:\Users\ASUS\AppData\Local\Programs\Python\Python312\;C:\Users\ASUS\AppData\Local\Microsoft\WindowsApps;C:\Users\ASUS\AppData\Local\GitHubDesktop\bin;C:\Users\ASUS\AppData\Local\Programs\Microsoft VS Code\bin;C:\MinGW\bin;C:\Users\ASUS\AppData\Local\JetBrains\PyCharm Edu 2022.2.2\bin C:\Program Files\php 8;D:\xampp;D:\php 8;C:\Users\ASUS\AppData\Local\Programs\Python\Python38;C:\Users\ASUS\AppData\Local\Programs\Python\Python312;C:\Program Files\nodejs\;C:\Program Files\Git\cmd;C:\ProgramData\ComposerSetup\bin;C:\Program Files\Docker\Docker\resources\bin;D:\Download\gradle-8.10.2-all\gradle-8.10.2\bin;C:\Program Files\GitHub CLI\;C:\Program Files\GitHub CLI;C:\Program Files\RabbitMQ Server\rabbitmq_server-3.13.3\sbin;D:\Program Files\Oracle\VirtualBox;C:\Users\ASUS\AppData\Local\Pub\Cache\bin;C:\Users\ASUS\AppData\Roaming\npm;C:\Program Files\Java\jdk-23\bin;D:\Download\flutter_windows_3.22.1-stable\flutter\bin;C:\Users\ASUS\AppData\Local\Packages\PythonSoftwareFoundation.Python.3.11_qbz5n2kfra8p0\LocalCache\local-packages\Python311\Scripts;C:\Users\ASUS\.console-ninja\.bin;C:\laragon\bin;C:\laragon\bin\apache\httpd-2.4.54-win64-VS16\bin;C:\laragon\bin\composer;C:\laragon\bin\git\bin;C:\laragon\bin\git\cmd;C:\laragon\bin\git\mingw64\bin;C:\laragon\bin\git\usr\bin;C:\laragon\bin\laragon\utils;C:\laragon\bin\mysql\mysql-8.0.30-winx64\bin;C:\laragon\bin\nginx\nginx-1.22.0;C:\laragon\bin\ngrok;C:\laragon\bin\nodejs\node-v18;C:\laragon\bin\notepad++;C:\laragon\bin\php\php-8.3.3-nts-Win32-vs16-x64;C:\laragon\bin\python\python-3.10;C:\laragon\bin\python\python-3.10\Scripts;C:\laragon\bin\redis\redis-x64-5.0.14.1;C:\laragon\bin\telnet;D:\Program Files\Oracle\VirtualBox;C:\laragon\usr\bin;C:\Users\ASUS\AppData\Local\Yarn\config\global\node_modules\.bin;C:\Users\ASUS\AppData\Roaming\Composer\vendor\bin;C:\Users\ASUS\AppData\Roaming\npm;C:\Users\ASUS\AppData\Local\Microsoft\WindowsApps;C:\Users\ASUS\AppData\Local\GitHubDesktop\bin;C:\Users\ASUS\AppData\Local\Programs\Microsoft VS Code\bin;C:\MinGW\bin;C:\Users\ASUS\AppData\Local\JetBrains\PyCharm Edu 2022.2.2\bin;D:\Download\gradle-8.10.2-all\gradle-8.10.2\bin;C:\Program Files\GitHub CLI;C:\Program Files\RabbitMQ Server\rabbitmq_server-3.13.3\sbin;C:\Users\ASUS\AppData\Local\Pub\Cache\bin;D:\Download\ngrok-v3-stable-windows-amd64 (1);D:\IntelliJ IDEA 2024.2.1\bin;;C:\Users\ASUS\AppData\Roaming\npm;
USERNAME=ASUS
OS=Windows_NT
PROCESSOR_IDENTIFIER=Intel64 Family 6 Model 165 Stepping 2, GenuineIntel
TMP=C:\Users\ASUS\AppData\Local\Temp
TEMP=C:\Users\ASUS\AppData\Local\Temp




Periodic native trim disabled

---------------  S Y S T E M  ---------------

OS:
 Windows 11 , 64 bit Build 22621 (10.0.22621.4391)
OS uptime: 2 days 15:17 hours
Hyper-V role detected

CPU: total 12 (initial active 12) (6 cores per cpu, 2 threads per core) family 6 model 165 stepping 2 microcode 0xe0, cx8, cmov, fxsr, ht, mmx, 3dnowpref, sse, sse2, sse3, ssse3, sse4.1, sse4.2, popcnt, lzcnt, tsc, tscinvbit, avx, avx2, aes, erms, clmul, bmi1, bmi2, adx, fma, vzeroupper, clflush, clflushopt, hv, rdtscp, f16c
Processor Information for all 12 processors :
  Max Mhz: 2592, Current Mhz: 2592, Mhz Limit: 2592

Memory: 4k page, system-wide physical 16169M (1459M free)
TotalPageFile size 46490M (AvailPageFile size 12M)
current process WorkingSet (physical memory assigned to process): 12M, peak: 12M
current process commit charge ("private bytes"): 64M, peak: 72M

vm_info: Java HotSpot(TM) 64-Bit Server VM (22+36-2370) for windows-amd64 JRE (22+36-2370), built on 2024-02-15T22:15:19Z by "mach5one" with MS VC++ 17.6 (VS2022)

END.
